[     824ms] [ERROR] A tree hydrated but some attributes of the server rendered HTML didn't match the client properties. This won't be patched up. This can happen if a SSR-ed Client Component used:

- A server/client branch `if (typeof window !== 'undefined')`.
- Variable input such as `Date.now()` or `Math.random()` which changes each time it's called.
- Date formatting in a user's locale which doesn't match the server.
- External changing data without sending a snapshot of it along with the HTML.
- Invalid HTML tag nesting.

It can also happen if the client has a browser extension installed which messes with the HTML before React loaded.

%s%s https://react.dev/link/hydration-mismatch 

  ...
    <HTTPAccessFallbackBoundary notFound={undefined} forbidden={undefined} unauthorized={undefined}>
      <RedirectBoundary>
        <RedirectErrorBoundary router={{...}}>
          <InnerLayoutRouter url="/players" tree={[...]} cacheNode={{lazyData:null, ...}} segmentPath={[...]}>
            <SegmentViewNode type="page" pagePath="players/pa...">
              <SegmentTrieNode>
              <PlayersPage>
                <PlayersUI initialData={[...]} injuryMap={{15452:{...}, ...}}>
                  <div>
                  <section>
                    <div>
                    <div className="flex flex-...">
                      <div className="grid grid-...">
                        <_c>
                        <DebouncedInput value="" onChange={function onChange} placeholder="Filter by ..." ...>
                          <_c value="" onChange={function handleChange} placeholder="Filter by ..." className="h-10">
                            <input
                              type={undefined}
                              className="flex w-full rounded-lg border border-[var(--border-subtle)] bg-[var(--bg-elev..."
                              ref={null}
                              value=""
                              onChange={function handleChange}
                              placeholder="Filter by club"
-                             style={{}}
                            >
                      ...
                    ...
                ...
            ...
          ...
 @ http://localhost:3000/_next/static/chunks/node_modules_next_dist_b0daae9a._.js:2359
